<?xml version="1.0" encoding="UTF-8"?>
<!-- Generated by org.testng.reporters.JUnitReportReporter -->
<testsuite ignored="0" hostname="DESKTOP-HSQVMDT" failures="0" tests="3" name="TestNG_Examples.priority" time="0.012" errors="0" timestamp="11 Dec 2020 03:07:53 GMT" skipped="0">
  <testcase classname="TestNG_Examples.priority" name="watermelon" time="0.001"/>
  <testcase classname="TestNG_Examples.priority" name="apple" time="0.001"/>
  <testcase classname="TestNG_Examples.priority" name="mango" time="0.010"/>
</testsuite> <!-- TestNG_Examples.priority -->
