<?xml version="1.0" encoding="UTF-8"?>
<!-- Generated by org.testng.reporters.JUnitReportReporter -->
<testsuite ignored="0" hostname="DESKTOP-HSQVMDT" failures="0" tests="3" name="TestNG_Examples.testNG" time="0.010" errors="0" timestamp="11 Dec 2020 02:48:31 GMT" skipped="0">
  <testcase classname="TestNG_Examples.testNG" name="APIStudentLogin" time="0.008"/>
  <testcase classname="TestNG_Examples.testNG" name="WebStudentLogin" time="0.000"/>
  <testcase classname="TestNG_Examples.testNG" name="MobileStudentLogin" time="0.002"/>
</testsuite> <!-- TestNG_Examples.testNG -->
