<?xml version="1.0" encoding="UTF-8"?>
<!-- Generated by org.testng.reporters.JUnitReportReporter -->
<testsuite ignored="0" hostname="DESKTOP-HSQVMDT" failures="0" tests="3" name="TestNG_Examples.secondCase" time="0.010" errors="0" timestamp="11 Dec 2020 03:02:40 GMT" skipped="0">
  <testcase classname="TestNG_Examples.secondCase" name="testcase3" time="0.001"/>
  <testcase classname="TestNG_Examples.secondCase" name="testcase1" time="0.001"/>
  <testcase classname="TestNG_Examples.secondCase" name="testcase2" time="0.008"/>
</testsuite> <!-- TestNG_Examples.secondCase -->
