<?xml version="1.0" encoding="UTF-8"?>
<!-- Generated by org.testng.reporters.JUnitReportReporter -->
<testsuite ignored="2" hostname="DESKTOP-HSQVMDT" failures="0" tests="1" name="TestNG_Examples.enabled" time="0.011" errors="0" timestamp="11 Dec 2020 03:13:05 GMT" skipped="0">
  <testcase classname="TestNG_Examples.enabled" name="java" time="0.011"/>
  <testcase classname="TestNG_Examples.enabled" name="c_language">
    <skipped/>
  </testcase> <!-- c_language -->
  <testcase classname="TestNG_Examples.enabled" name="jira">
    <skipped/>
  </testcase> <!-- jira -->
</testsuite> <!-- TestNG_Examples.enabled -->
