<?xml version="1.0" encoding="UTF-8"?>
<!-- Generated by org.testng.reporters.JUnitReportReporter -->
<testsuite ignored="0" hostname="DESKTOP-HSQVMDT" failures="0" tests="3" name="TestNG_Examples.timeOut" time="0.519" errors="0" timestamp="11 Dec 2020 03:33:59 GMT" skipped="0">
  <testcase classname="TestNG_Examples.timeOut" name="testcase3" time="0.001"/>
  <testcase classname="TestNG_Examples.timeOut" name="testcase1" time="0.517"/>
  <testcase classname="TestNG_Examples.timeOut" name="testcase2" time="0.001"/>
</testsuite> <!-- TestNG_Examples.timeOut -->
