<?xml version="1.0" encoding="UTF-8"?>
<!-- Generated by org.testng.reporters.JUnitReportReporter -->
<testsuite ignored="0" hostname="DESKTOP-HSQVMDT" failures="0" tests="6" name="TestNG_Examples.hardAssertion" time="0.014" errors="0" timestamp="11 Dec 2020 03:46:15 GMT" skipped="0">
  <testcase classname="TestNG_Examples.hardAssertion" name="assertNotEquals" time="0.001"/>
  <testcase classname="TestNG_Examples.hardAssertion" name="assertNotNull" time="0.001"/>
  <testcase classname="TestNG_Examples.hardAssertion" name="assertFalse" time="0.001"/>
  <testcase classname="TestNG_Examples.hardAssertion" name="assertNull" time="0.002"/>
  <testcase classname="TestNG_Examples.hardAssertion" name="assertEquals" time="0.009"/>
  <testcase classname="TestNG_Examples.hardAssertion" name="assertTrue" time="0.000"/>
</testsuite> <!-- TestNG_Examples.hardAssertion -->
