<?xml version="1.0" encoding="UTF-8"?>
<!-- Generated by org.testng.reporters.JUnitReportReporter -->
<testsuite ignored="1" hostname="DESKTOP-HSQVMDT" failures="0" tests="2" name="TestNG_Examples.groups" time="0.010" errors="0" timestamp="11 Dec 2020 03:24:44 GMT" skipped="0">
  <testcase classname="TestNG_Examples.groups" name="infosys" time="0.009"/>
  <testcase classname="TestNG_Examples.groups" name="wipro" time="0.001"/>
  <testcase classname="TestNG_Examples.groups" name="technip">
    <skipped/>
  </testcase> <!-- technip -->
</testsuite> <!-- TestNG_Examples.groups -->
